Using pre-set license
Built from '2021.1/staging' branch; Version is '2021.1.12f1 (afcadd793de6) revision 11520733'; Using compiler version '192528614'; Build Type 'Release'
OS: 'Windows 10 Home Single Language; OS build 19042.1083; Version 2009; 64bit' Language: 'ru' Physical Memory: 8033 MB
BatchMode: 1, IsHumanControllingUs: 0, StartBugReporterOnCrash: 0, Is64bit: 1, IsPro: 0

 COMMAND LINE ARGUMENTS:
C:\Program Files\Unity\Hub\Editor\2021.1.12f1\Editor\Unity.exe
-adb2
-batchMode
-noUpm
-name
AssetImportWorker0
-projectPath
D:/SpaceXXL/SpaceXL
-logFile
Logs/AssetImportWorker0.log
-srvPort
50396
Successfully changed project path to: D:/SpaceXXL/SpaceXL
D:/SpaceXXL/SpaceXL
Using Asset Import Pipeline V2.
Refreshing native plugins compatible for Editor in 74.12 ms, found 3 plugins.
Preloading 0 native plugins for Editor in 0.00 ms.
Initialize engine version: 2021.1.12f1 (afcadd793de6)
[Subsystems] Discovering subsystems at path C:/Program Files/Unity/Hub/Editor/2021.1.12f1/Editor/Data/Resources/UnitySubsystems
[Subsystems] Discovering subsystems at path D:/SpaceXXL/SpaceXL/Assets
GfxDevice: creating device client; threaded=0; jobified=0
Direct3D:
    Version:  Direct3D 11.0 [level 11.1]
    Renderer: NVIDIA GeForce RTX 2060 (ID=0x1f15)
    Vendor:   NVIDIA
    VRAM:     5980 MB
    Driver:   27.21.14.6192
Initialize mono
Mono path[0] = 'C:/Program Files/Unity/Hub/Editor/2021.1.12f1/Editor/Data/Managed'
Mono path[1] = 'C:/Program Files/Unity/Hub/Editor/2021.1.12f1/Editor/Data/MonoBleedingEdge/lib/mono/unityjit'
Mono config path = 'C:/Program Files/Unity/Hub/Editor/2021.1.12f1/Editor/Data/MonoBleedingEdge/etc'
Using monoOptions --debugger-agent=transport=dt_socket,embedding=1,server=y,suspend=n,address=127.0.0.1:56580
Begin MonoManager ReloadAssembly
Registering precompiled unity dll's ...
Register platform support module: C:/Program Files/Unity/Hub/Editor/2021.1.12f1/Editor/Data/PlaybackEngines/WindowsStandaloneSupport/UnityEditor.WindowsStandalone.Extensions.dll
Registered in 0.001517 seconds.
Native extension for WindowsStandalone target not found
Refreshing native plugins compatible for Editor in 75.34 ms, found 3 plugins.
Preloading 0 native plugins for Editor in 0.00 ms.
Mono: successfully reloaded assembly
- Completed reload, in  1.121 seconds
Domain Reload Profiling:
	ReloadAssembly (1121ms)
		BeginReloadAssembly (47ms)
			ExecutionOrderSort (0ms)
			DisableScriptedObjects (0ms)
			BackupInstance (0ms)
			ReleaseScriptingObjects (0ms)
			CreateAndSetChildDomain (1ms)
		EndReloadAssembly (428ms)
			LoadAssemblies (45ms)
			RebuildTransferFunctionScriptingTraits (0ms)
			SetupTypeCache (160ms)
			ReleaseScriptCaches (0ms)
			RebuildScriptCaches (27ms)
			SetupLoadedEditorAssemblies (200ms)
				LogAssemblyErrors (0ms)
				InitializePlatformSupportModulesInManaged (6ms)
				SetLoadedEditorAssemblies (0ms)
				RefreshPlugins (75ms)
				BeforeProcessingInitializeOnLoad (2ms)
				ProcessInitializeOnLoadAttributes (89ms)
				ProcessInitializeOnLoadMethodAttributes (27ms)
				AfterProcessingInitializeOnLoad (0ms)
				EditorAssembliesLoaded (0ms)
			ExecutionOrderSort2 (0ms)
			AwakeInstancesAfterBackupRestoration (0ms)
Platform modules already initialized, skipping
Registering precompiled user dll's ...
Registered in 0.003351 seconds.
Begin MonoManager ReloadAssembly
Symbol file LoadedFromMemory doesn't match image D:\SpaceXXL\SpaceXL\Library\PackageCache\com.unity.visualscripting@1.6.1\Editor\VisualScripting.Core\Dependencies\YamlDotNet\Unity.VisualScripting.YamlDotNet.dll
Symbol file LoadedFromMemory doesn't match image D:\SpaceXXL\SpaceXL\Library\PackageCache\com.unity.visualscripting@1.6.1\Editor\VisualScripting.Core\Dependencies\DotNetZip\Unity.VisualScripting.IonicZip.dll
Native extension for WindowsStandalone target not found
Refreshing native plugins compatible for Editor in 0.56 ms, found 3 plugins.
Preloading 0 native plugins for Editor in 0.00 ms.
Mono: successfully reloaded assembly
- Completed reload, in  1.008 seconds
Domain Reload Profiling:
	ReloadAssembly (1008ms)
		BeginReloadAssembly (136ms)
			ExecutionOrderSort (0ms)
			DisableScriptedObjects (4ms)
			BackupInstance (0ms)
			ReleaseScriptingObjects (0ms)
			CreateAndSetChildDomain (18ms)
		EndReloadAssembly (817ms)
			LoadAssemblies (77ms)
			RebuildTransferFunctionScriptingTraits (0ms)
			SetupTypeCache (318ms)
			ReleaseScriptCaches (1ms)
			RebuildScriptCaches (44ms)
			SetupLoadedEditorAssemblies (290ms)
				LogAssemblyErrors (0ms)
				InitializePlatformSupportModulesInManaged (4ms)
				SetLoadedEditorAssemblies (0ms)
				RefreshPlugins (1ms)
				BeforeProcessingInitializeOnLoad (61ms)
				ProcessInitializeOnLoadAttributes (214ms)
				ProcessInitializeOnLoadMethodAttributes (4ms)
				AfterProcessingInitializeOnLoad (5ms)
				EditorAssembliesLoaded (0ms)
			ExecutionOrderSort2 (0ms)
			AwakeInstancesAfterBackupRestoration (6ms)
Platform modules already initialized, skipping
========================================================================
Worker process is ready to serve import requests
Launched and connected shader compiler UnityShaderCompiler.exe after 0.05 seconds
Refreshing native plugins compatible for Editor in 0.61 ms, found 3 plugins.
Preloading 0 native plugins for Editor in 0.00 ms.
Unloading 3089 Unused Serialized files (Serialized files now loaded: 0)
System memory in use before: 216.7 MB.
System memory in use after: 216.9 MB.

Unloading 23 unused Assets to reduce memory usage. Loaded Objects now: 3575.
Total: 2.537800 ms (FindLiveObjects: 0.249800 ms CreateObjectMapping: 0.116400 ms MarkObjects: 2.034700 ms  DeleteObjects: 0.135800 ms)

AssetImportParameters requested are different than current active one (requested -> active):
  custom:framework-win-MediaFoundation: 216162199b28c13a410421893ffa2e32 -> 
  custom:video-decoder-ogg-theora: a1e56fd34408186e4bbccfd4996cb3dc -> 
  custom:container-muxer-webm: aa71ff27fc2769a1b78a27578f13a17b -> 
  custom:container-demuxer-webm: 4f35f7cbe854078d1ac9338744f61a02 -> 
  custom:container-demuxer-ogg: 62fdf1f143b41e24485cea50d1cbac27 -> 
  custom:video-encoder-webm-vp8: eb34c28f22e8b96e1ab97ce403110664 -> 
  custom:video-decoder-webm-vp8: 9c59270c3fd7afecdb556c50c9e8de78 -> 
  custom:audio-decoder-ogg-vorbis: bf7c407c2cedff20999df2af8eb42d56 -> 
  custom:audio-encoder-webm-vorbis: bf7c407c2cedff20999df2af8eb42d56 -> 
========================================================================
Received Import Request.
  path: Assets/WorldObjects/Ammo and Medecine/Bottle.prefab
  artifactKey: Guid(f984876688329c84596957a88ff999ee) Importer(815301076,1909f56bfc062723c751e8b465ee728b)
Start importing Assets/WorldObjects/Ammo and Medecine/Bottle.prefab using Guid(f984876688329c84596957a88ff999ee) Importer(815301076,1909f56bfc062723c751e8b465ee728b)  -> (artifact id: '95c009e09b1a4cfccd08eb1a0747d7b1') in 0.099608 seconds 
========================================================================
Received Import Request.
  Time since last request: 0.000313 seconds.
  path: Assets/WorldObjects/Characters/Grenadier/Grenadier.prefab
  artifactKey: Guid(6de83858d7513e849b54ea7748abd0ea) Importer(815301076,1909f56bfc062723c751e8b465ee728b)
Start importing Assets/WorldObjects/Characters/Grenadier/Grenadier.prefab using Guid(6de83858d7513e849b54ea7748abd0ea) Importer(815301076,1909f56bfc062723c751e8b465ee728b)  -> (artifact id: 'b3304d04ad3c4f76a5cceed4a6f5f3ec') in 0.345486 seconds 
========================================================================
Received Import Request.
  Time since last request: 0.000333 seconds.
  path: Assets/WorldObjects/UI/Canvas.prefab
  artifactKey: Guid(9ea061380e7ddd648be65ed852994931) Importer(815301076,1909f56bfc062723c751e8b465ee728b)
Start importing Assets/WorldObjects/UI/Canvas.prefab using Guid(9ea061380e7ddd648be65ed852994931) Importer(815301076,1909f56bfc062723c751e8b465ee728b)  -> (artifact id: 'cc01e3458ef5c0cde63578eeaf42e613') in 0.013705 seconds 
========================================================================
Received Import Request.
  Time since last request: 0.000403 seconds.
  path: Assets/WorldObjects/Ammo and Medecine/Medicine.prefab
  artifactKey: Guid(c32bb43256c04f64c98081bdea490864) Importer(815301076,1909f56bfc062723c751e8b465ee728b)
Start importing Assets/WorldObjects/Ammo and Medecine/Medicine.prefab using Guid(c32bb43256c04f64c98081bdea490864) Importer(815301076,1909f56bfc062723c751e8b465ee728b)  -> (artifact id: '62f933bdc696e156218d96aa79733ac7') in 0.009834 seconds 
========================================================================
Received Import Request.
  Time since last request: 0.000709 seconds.
  path: Assets/WorldObjects/UI/Ammo bar.prefab
  artifactKey: Guid(f86e49c7c19f1fc49aeecf98e000b717) Importer(815301076,1909f56bfc062723c751e8b465ee728b)
Start importing Assets/WorldObjects/UI/Ammo bar.prefab using Guid(f86e49c7c19f1fc49aeecf98e000b717) Importer(815301076,1909f56bfc062723c751e8b465ee728b)  -> (artifact id: 'c36c6ce268e4f4d3946b8c9954cb62e4') in 0.004571 seconds 
========================================================================
Received Import Request.
  Time since last request: 0.000333 seconds.
  path: Assets/WorldObjects/Weapons/Weapons.prefab
  artifactKey: Guid(adfe03b0400985a4f9e2dab479dc8f94) Importer(815301076,1909f56bfc062723c751e8b465ee728b)
Start importing Assets/WorldObjects/Weapons/Weapons.prefab using Guid(adfe03b0400985a4f9e2dab479dc8f94) Importer(815301076,1909f56bfc062723c751e8b465ee728b)  -> (artifact id: 'a3f289eb4e9a6651552c1d5d87222704') in 0.023830 seconds 
========================================================================
Received Import Request.
  Time since last request: 0.000300 seconds.
  path: Assets/WorldObjects/UI/Health bar.prefab
  artifactKey: Guid(7b3cff73a3c98a949a2aed59502da6f2) Importer(815301076,1909f56bfc062723c751e8b465ee728b)
Start importing Assets/WorldObjects/UI/Health bar.prefab using Guid(7b3cff73a3c98a949a2aed59502da6f2) Importer(815301076,1909f56bfc062723c751e8b465ee728b)  -> (artifact id: '27a33468af4bd831b59ba84dba4cfd24') in 0.004917 seconds 
========================================================================
Received Import Request.
  Time since last request: 0.000357 seconds.
  path: Assets/WorldObjects/Characters/Player/Player.prefab
  artifactKey: Guid(c5dd80cec8690b64697aa7ccbf3c6809) Importer(815301076,1909f56bfc062723c751e8b465ee728b)
Start importing Assets/WorldObjects/Characters/Player/Player.prefab using Guid(c5dd80cec8690b64697aa7ccbf3c6809) Importer(815301076,1909f56bfc062723c751e8b465ee728b)  -> (artifact id: '015cefa85ac00d461221600eec378ad2') in 0.056352 seconds 
========================================================================
Received Import Request.
  Time since last request: 0.000299 seconds.
  path: Assets/WorldObjects/UI/Scope.prefab
  artifactKey: Guid(1789abc0dd01958489d441d496af0b28) Importer(815301076,1909f56bfc062723c751e8b465ee728b)
Start importing Assets/WorldObjects/UI/Scope.prefab using Guid(1789abc0dd01958489d441d496af0b28) Importer(815301076,1909f56bfc062723c751e8b465ee728b)  -> (artifact id: '07728743fd14ae50b4a790aafe736a0c') in 0.002542 seconds 
========================================================================
Received Import Request.
  Time since last request: 0.000308 seconds.
  path: Assets/WorldObjects/Characters/Player/Camera Pivot.prefab
  artifactKey: Guid(09038cc3e1357b14ebb65f7758cefdf1) Importer(815301076,1909f56bfc062723c751e8b465ee728b)
Start importing Assets/WorldObjects/Characters/Player/Camera Pivot.prefab using Guid(09038cc3e1357b14ebb65f7758cefdf1) Importer(815301076,1909f56bfc062723c751e8b465ee728b)  -> (artifact id: '0464aadbcaa609267405dece42566522') in 0.035922 seconds 
========================================================================
Received Import Request.
  Time since last request: 0.795401 seconds.
  path: Assets/WorldObjects/Bullet/GrenadierProjectile .prefab
  artifactKey: Guid(e60dee6b01c13554f8e0df22338e30ed) Importer(815301076,1909f56bfc062723c751e8b465ee728b)
Start importing Assets/WorldObjects/Bullet/GrenadierProjectile .prefab using Guid(e60dee6b01c13554f8e0df22338e30ed) Importer(815301076,1909f56bfc062723c751e8b465ee728b)  -> (artifact id: '9a2d6ad208abae6d1f28c7dd11ad20e7') in 0.009701 seconds 
========================================================================
Received Import Request.
  Time since last request: 9.813277 seconds.
  path: Assets/WorldObjects/Test.Station.fbx
  artifactKey: Guid(7d1b82cf26a5ecc4fb728f2596a055c0) Importer(815301076,1909f56bfc062723c751e8b465ee728b)
Start importing Assets/WorldObjects/Test.Station.fbx using Guid(7d1b82cf26a5ecc4fb728f2596a055c0) Importer(815301076,1909f56bfc062723c751e8b465ee728b)  -> (artifact id: '05504bb73038b1c8706a4e3b2189679e') in 0.170987 seconds 
========================================================================
Received Prepare
Registering precompiled user dll's ...
Registered in 0.003148 seconds.
Begin MonoManager ReloadAssembly
Symbol file LoadedFromMemory doesn't match image D:\SpaceXXL\SpaceXL\Library\PackageCache\com.unity.visualscripting@1.6.1\Editor\VisualScripting.Core\Dependencies\YamlDotNet\Unity.VisualScripting.YamlDotNet.dll
Symbol file LoadedFromMemory doesn't match image D:\SpaceXXL\SpaceXL\Library\PackageCache\com.unity.visualscripting@1.6.1\Editor\VisualScripting.Core\Dependencies\DotNetZip\Unity.VisualScripting.IonicZip.dll
Native extension for WindowsStandalone target not found
Refreshing native plugins compatible for Editor in 0.62 ms, found 3 plugins.
Preloading 0 native plugins for Editor in 0.00 ms.
Mono: successfully reloaded assembly
- Completed reload, in  1.003 seconds
Domain Reload Profiling:
	ReloadAssembly (1003ms)
		BeginReloadAssembly (111ms)
			ExecutionOrderSort (0ms)
			DisableScriptedObjects (4ms)
			BackupInstance (0ms)
			ReleaseScriptingObjects (0ms)
			CreateAndSetChildDomain (33ms)
		EndReloadAssembly (837ms)
			LoadAssemblies (75ms)
			RebuildTransferFunctionScriptingTraits (0ms)
			SetupTypeCache (327ms)
			ReleaseScriptCaches (1ms)
			RebuildScriptCaches (42ms)
			SetupLoadedEditorAssemblies (269ms)
				LogAssemblyErrors (0ms)
				InitializePlatformSupportModulesInManaged (6ms)
				SetLoadedEditorAssemblies (0ms)
				RefreshPlugins (1ms)
				BeforeProcessingInitializeOnLoad (52ms)
				ProcessInitializeOnLoadAttributes (201ms)
				ProcessInitializeOnLoadMethodAttributes (4ms)
				AfterProcessingInitializeOnLoad (5ms)
				EditorAssembliesLoaded (0ms)
			ExecutionOrderSort2 (0ms)
			AwakeInstancesAfterBackupRestoration (6ms)
Platform modules already initialized, skipping
Refreshing native plugins compatible for Editor in 0.68 ms, found 3 plugins.
Preloading 0 native plugins for Editor in 0.00 ms.
Unloading 3050 Unused Serialized files (Serialized files now loaded: 0)
System memory in use before: 231.8 MB.
System memory in use after: 232.0 MB.

Unloading 21 unused Assets to reduce memory usage. Loaded Objects now: 3625.
Total: 3.252000 ms (FindLiveObjects: 0.266100 ms CreateObjectMapping: 0.128200 ms MarkObjects: 2.717000 ms  DeleteObjects: 0.139700 ms)

AssetImportParameters requested are different than current active one (requested -> active):
  custom:framework-win-MediaFoundation: 216162199b28c13a410421893ffa2e32 -> 
  custom:video-decoder-ogg-theora: a1e56fd34408186e4bbccfd4996cb3dc -> 
  custom:container-muxer-webm: aa71ff27fc2769a1b78a27578f13a17b -> 
  custom:container-demuxer-webm: 4f35f7cbe854078d1ac9338744f61a02 -> 
  custom:container-demuxer-ogg: 62fdf1f143b41e24485cea50d1cbac27 -> 
  custom:video-encoder-webm-vp8: eb34c28f22e8b96e1ab97ce403110664 -> 
  custom:video-decoder-webm-vp8: 9c59270c3fd7afecdb556c50c9e8de78 -> 
  custom:audio-decoder-ogg-vorbis: bf7c407c2cedff20999df2af8eb42d56 -> 
  custom:audio-encoder-webm-vorbis: bf7c407c2cedff20999df2af8eb42d56 -> 
========================================================================
Received Import Request.
  Time since last request: 913.761219 seconds.
  path: Assets/Materials/Materials/Bottle.mat
  artifactKey: Guid(735300fc24b4d64438c7f13e0c3237a9) Importer(815301076,1909f56bfc062723c751e8b465ee728b)
Start importing Assets/Materials/Materials/Bottle.mat using Guid(735300fc24b4d64438c7f13e0c3237a9) Importer(815301076,1909f56bfc062723c751e8b465ee728b)  -> (artifact id: '9aca2ab51ea7dc003125a5c713dba97f') in 0.101858 seconds 
========================================================================
Received Import Request.
  Time since last request: 0.000309 seconds.
  path: Assets/Materials/Materials/Cap.mat
  artifactKey: Guid(8023985f6bcd56e42937087e1d749c9e) Importer(815301076,1909f56bfc062723c751e8b465ee728b)
Start importing Assets/Materials/Materials/Cap.mat using Guid(8023985f6bcd56e42937087e1d749c9e) Importer(815301076,1909f56bfc062723c751e8b465ee728b)  -> (artifact id: 'c2905517ca9cf81463f44f9adf0b6f42') in 0.009787 seconds 
========================================================================
Received Import Request.
  Time since last request: 0.000754 seconds.
  path: Assets/Materials/Materials/ProjectileMaterial.mat
  artifactKey: Guid(b59ad3b630444a447b3afbd4974e264c) Importer(815301076,1909f56bfc062723c751e8b465ee728b)
Start importing Assets/Materials/Materials/ProjectileMaterial.mat using Guid(b59ad3b630444a447b3afbd4974e264c) Importer(815301076,1909f56bfc062723c751e8b465ee728b)  -> (artifact id: 'a7bcbae4ec027a4499b10c9cbd852245') in 0.039396 seconds 
========================================================================
Received Import Request.
  Time since last request: 0.000492 seconds.
  path: Assets/Materials/Materials/Drink1.mat
  artifactKey: Guid(54c811b14c4d53f408f1a1bac0806fc0) Importer(815301076,1909f56bfc062723c751e8b465ee728b)
Start importing Assets/Materials/Materials/Drink1.mat using Guid(54c811b14c4d53f408f1a1bac0806fc0) Importer(815301076,1909f56bfc062723c751e8b465ee728b)  -> (artifact id: 'b487f8aa37f578b7bf2da18e6e18cf9c') in 0.034574 seconds 
========================================================================
Received Import Request.
  Time since last request: 25.870271 seconds.
  path: Assets/Materials/Materials/New Material 1.mat
  artifactKey: Guid(b964e22b9be2ebe49b5fb8397ce0270e) Importer(815301076,1909f56bfc062723c751e8b465ee728b)
Start importing Assets/Materials/Materials/New Material 1.mat using Guid(b964e22b9be2ebe49b5fb8397ce0270e) Importer(815301076,1909f56bfc062723c751e8b465ee728b)  -> (artifact id: '3221eb64566cff3f6f143762bf6ec74d') in 0.036325 seconds 
========================================================================
Received Import Request.
  Time since last request: 354.129094 seconds.
  path: Assets/Materials/Materials/New Material 1.mat
  artifactKey: Guid(b964e22b9be2ebe49b5fb8397ce0270e) Importer(815301076,1909f56bfc062723c751e8b465ee728b)
Start importing Assets/Materials/Materials/New Material 1.mat using Guid(b964e22b9be2ebe49b5fb8397ce0270e) Importer(815301076,1909f56bfc062723c751e8b465ee728b)  -> (artifact id: 'ee5f8a32ec0ae5a0589a8ff04d9466b9') in 0.031833 seconds 
AssetImportWorkerClient::OnTransportError - code=2 error=End of file
